12:12:37.472 [main] INFO  testcases.TC_002_Login - Starting TC_002_Login 
12:13:00.657 [main] INFO  testcases.TC_002_Login - clicked on myaccount
12:13:03.375 [main] INFO  testcases.TC_002_Login - Clicked on my Login option button
12:13:03.628 [main] INFO  testcases.TC_002_Login - provided email
12:13:03.785 [main] INFO  testcases.TC_002_Login - Provided pwd
12:13:07.237 [main] INFO  testcases.TC_002_Login - clicked on login
12:13:07.445 [main] INFO  testcases.TC_002_Login - Test Passed
12:13:07.525 [main] INFO  testcases.TC_002_Login - Finished TC_002_Login 
12:16:57.167 [main] INFO  testcases.AccountRegistration - Starting the AccountRegistration
12:16:57.171 [main] INFO  testcases.AccountRegistration - Launching the browser
12:17:01.785 [main] INFO  testcases.AccountRegistration - Clicking on myaccount and register
12:17:04.637 [main] INFO  testcases.AccountRegistration - Submitting customer details
12:17:04.764 [main] INFO  testcases.AccountRegistration - Clicked on first name
12:17:04.896 [main] INFO  testcases.AccountRegistration - Clicked on last name
12:17:04.962 [main] INFO  testcases.AccountRegistration - Clicked on email
12:17:05.093 [main] INFO  testcases.AccountRegistration - Clicked on phn number
12:17:05.225 [main] INFO  testcases.AccountRegistration - Clicked on password
12:17:05.357 [main] INFO  testcases.AccountRegistration - Clicked on confirmpassword
12:17:05.445 [main] INFO  testcases.AccountRegistration - Clicked on checkbox
12:17:05.585 [main] INFO  testcases.AccountRegistration - Clicked on continue
12:17:05.748 [main] INFO  testcases.AccountRegistration - Validation Started
12:17:05.748 [main] ERROR testcases.AccountRegistration - Test case failed
12:17:06.115 [main] FATAL testcases.AccountRegistration - Registration failed
12:17:08.587 [main] INFO  testcases.TC_002_Login - Starting TC_002_Login 
12:17:12.724 [main] INFO  testcases.TC_002_Login - clicked on myaccount
12:17:14.135 [main] INFO  testcases.TC_002_Login - Clicked on my Login option button
12:17:14.268 [main] INFO  testcases.TC_002_Login - provided email
12:17:14.355 [main] INFO  testcases.TC_002_Login - Provided pwd
12:17:15.468 [main] INFO  testcases.TC_002_Login - clicked on login
12:17:15.551 [main] INFO  testcases.TC_002_Login - Test Passed
12:17:15.551 [main] INFO  testcases.TC_002_Login - Finished TC_002_Login 
12:23:41.509 [main] INFO  testcases.AccountRegistration - Starting the AccountRegistration
12:23:41.514 [main] INFO  testcases.AccountRegistration - Launching the browser
12:23:50.632 [main] INFO  testcases.AccountRegistration - Clicking on myaccount and register
12:23:53.443 [main] INFO  testcases.AccountRegistration - Submitting customer details
12:23:53.566 [main] INFO  testcases.AccountRegistration - Clicked on first name
12:23:53.661 [main] INFO  testcases.AccountRegistration - Clicked on last name
12:23:53.737 [main] INFO  testcases.AccountRegistration - Clicked on email
12:23:53.812 [main] INFO  testcases.AccountRegistration - Clicked on phn number
12:23:53.891 [main] INFO  testcases.AccountRegistration - Clicked on password
12:23:53.972 [main] INFO  testcases.AccountRegistration - Clicked on confirmpassword
12:23:54.035 [main] INFO  testcases.AccountRegistration - Clicked on checkbox
12:23:54.101 [main] INFO  testcases.AccountRegistration - Clicked on continue
12:23:54.132 [main] INFO  testcases.AccountRegistration - Validation Started
12:23:54.132 [main] ERROR testcases.AccountRegistration - Test case failed
12:23:54.533 [main] FATAL testcases.AccountRegistration - Registration failed
12:23:57.096 [main] INFO  testcases.TC_002_Login - Starting TC_002_Login 
12:24:01.674 [main] INFO  testcases.TC_002_Login - clicked on myaccount
12:24:02.820 [main] INFO  testcases.TC_002_Login - Clicked on my Login option button
12:24:03.067 [main] INFO  testcases.TC_002_Login - provided email
12:24:03.155 [main] INFO  testcases.TC_002_Login - Provided pwd
12:24:04.171 [main] INFO  testcases.TC_002_Login - clicked on login
12:24:04.245 [main] INFO  testcases.TC_002_Login - Test Passed
12:24:04.245 [main] INFO  testcases.TC_002_Login - Finished TC_002_Login 
12:38:56.017 [main] INFO  testcases.AccountRegistration - Starting the AccountRegistration
12:38:56.020 [main] INFO  testcases.AccountRegistration - Launching the browser
12:39:01.050 [main] INFO  testcases.AccountRegistration - Clicking on myaccount and register
12:39:02.201 [main] INFO  testcases.AccountRegistration - Submitting customer details
12:39:02.315 [main] INFO  testcases.AccountRegistration - Clicked on first name
12:39:02.398 [main] INFO  testcases.AccountRegistration - Clicked on last name
12:39:02.462 [main] INFO  testcases.AccountRegistration - Clicked on email
12:39:02.536 [main] INFO  testcases.AccountRegistration - Clicked on phn number
12:39:02.615 [main] INFO  testcases.AccountRegistration - Clicked on password
12:39:02.721 [main] INFO  testcases.AccountRegistration - Clicked on confirmpassword
12:39:02.817 [main] INFO  testcases.AccountRegistration - Clicked on checkbox
12:39:02.899 [main] INFO  testcases.AccountRegistration - Clicked on continue
12:39:12.937 [main] INFO  testcases.AccountRegistration - Validation Started
12:39:12.937 [main] ERROR testcases.AccountRegistration - Test case failed
12:39:13.138 [main] FATAL testcases.AccountRegistration - Registration failed
12:39:15.794 [main] INFO  testcases.TC_002_Login - Starting TC_002_Login 
12:39:19.834 [main] INFO  testcases.TC_002_Login - clicked on myaccount
12:39:21.003 [main] INFO  testcases.TC_002_Login - Clicked on my Login option button
12:39:21.220 [main] INFO  testcases.TC_002_Login - provided email
12:39:21.303 [main] INFO  testcases.TC_002_Login - Provided pwd
12:39:22.645 [main] INFO  testcases.TC_002_Login - clicked on login
12:39:22.712 [main] INFO  testcases.TC_002_Login - Test Passed
12:39:22.712 [main] INFO  testcases.TC_002_Login - Finished TC_002_Login 
12:45:25.615 [main] INFO  testcases.AccountRegistration - Starting the AccountRegistration
12:45:25.617 [main] INFO  testcases.AccountRegistration - Launching the browser
12:45:29.580 [main] INFO  testcases.AccountRegistration - Clicking on myaccount and register
12:45:30.793 [main] INFO  testcases.AccountRegistration - Submitting customer details
12:45:30.904 [main] INFO  testcases.AccountRegistration - Clicked on first name
12:45:30.976 [main] INFO  testcases.AccountRegistration - Clicked on last name
12:45:31.045 [main] INFO  testcases.AccountRegistration - Clicked on email
12:45:31.136 [main] INFO  testcases.AccountRegistration - Clicked on phn number
12:45:31.216 [main] INFO  testcases.AccountRegistration - Clicked on password
12:45:31.369 [main] INFO  testcases.AccountRegistration - Clicked on confirmpassword
12:45:31.431 [main] INFO  testcases.AccountRegistration - Clicked on checkbox
12:45:31.509 [main] INFO  testcases.AccountRegistration - Clicked on continue
12:45:41.571 [main] INFO  testcases.AccountRegistration - Validation Started
12:45:41.571 [main] ERROR testcases.AccountRegistration - Test case failed
12:45:44.232 [main] INFO  testcases.TC_002_Login - Starting TC_002_Login 
12:45:49.003 [main] INFO  testcases.TC_002_Login - clicked on myaccount
12:45:49.697 [main] INFO  testcases.TC_002_Login - Clicked on my Login option button
12:45:49.894 [main] INFO  testcases.TC_002_Login - provided email
12:45:49.991 [main] INFO  testcases.TC_002_Login - Provided pwd
12:45:51.027 [main] INFO  testcases.TC_002_Login - clicked on login
12:45:51.086 [main] INFO  testcases.TC_002_Login - Test Passed
12:45:51.086 [main] INFO  testcases.TC_002_Login - Finished TC_002_Login 
17:23:52.710 [main] INFO  testcases.AccountRegistration - Starting the AccountRegistration
17:23:52.883 [main] INFO  testcases.AccountRegistration - Launching the browser
17:24:01.980 [main] INFO  testcases.AccountRegistration - Clicking on myaccount and register
17:24:03.874 [main] INFO  testcases.AccountRegistration - Submitting customer details
17:24:04.007 [main] INFO  testcases.AccountRegistration - Clicked on first name
17:24:04.112 [main] INFO  testcases.AccountRegistration - Clicked on last name
17:24:04.175 [main] INFO  testcases.AccountRegistration - Clicked on email
17:24:04.252 [main] INFO  testcases.AccountRegistration - Clicked on phn number
17:24:04.333 [main] INFO  testcases.AccountRegistration - Clicked on password
17:24:04.425 [main] INFO  testcases.AccountRegistration - Clicked on confirmpassword
17:24:04.479 [main] INFO  testcases.AccountRegistration - Clicked on checkbox
17:24:04.773 [main] INFO  testcases.AccountRegistration - Clicked on continue
17:24:14.866 [main] INFO  testcases.AccountRegistration - Validation Started
17:24:14.866 [main] ERROR testcases.AccountRegistration - Test case failed
17:24:17.475 [main] INFO  testcases.TC_002_Login - Starting TC_002_Login 
17:24:22.094 [main] INFO  testcases.TC_002_Login - clicked on myaccount
17:24:23.326 [main] INFO  testcases.TC_002_Login - Clicked on my Login option button
17:24:23.471 [main] INFO  testcases.TC_002_Login - provided email
17:24:23.558 [main] INFO  testcases.TC_002_Login - Provided pwd
17:24:24.453 [main] INFO  testcases.TC_002_Login - clicked on login
17:24:24.603 [main] INFO  testcases.TC_002_Login - Test Passed
17:24:24.603 [main] INFO  testcases.TC_002_Login - Finished TC_002_Login 
18:04:17.054 [main] INFO  testcases.AccountRegistration - Starting the AccountRegistration
18:04:17.059 [main] INFO  testcases.AccountRegistration - Launching the browser
18:04:20.704 [main] INFO  testcases.AccountRegistration - Clicking on myaccount and register
18:04:21.571 [main] INFO  testcases.AccountRegistration - Submitting customer details
18:04:21.692 [main] INFO  testcases.AccountRegistration - Clicked on first name
18:04:21.762 [main] INFO  testcases.AccountRegistration - Clicked on last name
18:04:21.828 [main] INFO  testcases.AccountRegistration - Clicked on email
18:04:21.903 [main] INFO  testcases.AccountRegistration - Clicked on phn number
18:04:21.983 [main] INFO  testcases.AccountRegistration - Clicked on password
18:04:22.068 [main] INFO  testcases.AccountRegistration - Clicked on confirmpassword
18:04:22.176 [main] INFO  testcases.AccountRegistration - Clicked on checkbox
18:04:22.261 [main] INFO  testcases.AccountRegistration - Clicked on continue
18:04:32.318 [main] INFO  testcases.AccountRegistration - Validation Started
18:04:32.318 [main] ERROR testcases.AccountRegistration - Test case failed
18:04:35.140 [main] INFO  testcases.TC_002_Login - Starting TC_002_Login 
18:04:40.764 [main] INFO  testcases.TC_002_Login - clicked on myaccount
18:04:41.851 [main] INFO  testcases.TC_002_Login - Clicked on my Login option button
18:04:42.009 [main] INFO  testcases.TC_002_Login - provided email
18:04:42.091 [main] INFO  testcases.TC_002_Login - Provided pwd
18:04:43.134 [main] INFO  testcases.TC_002_Login - clicked on login
18:04:43.195 [main] INFO  testcases.TC_002_Login - Test Passed
18:04:43.195 [main] INFO  testcases.TC_002_Login - Finished TC_002_Login 
18:19:21.093 [main] INFO  testcases.AccountRegistration - Starting the AccountRegistration
18:19:21.095 [main] INFO  testcases.AccountRegistration - Launching the browser
18:19:24.848 [main] INFO  testcases.AccountRegistration - Clicking on myaccount and register
18:19:27.456 [main] INFO  testcases.AccountRegistration - Submitting customer details
18:19:27.625 [main] INFO  testcases.AccountRegistration - Clicked on first name
18:19:27.727 [main] INFO  testcases.AccountRegistration - Clicked on last name
18:19:27.802 [main] INFO  testcases.AccountRegistration - Clicked on email
18:19:27.889 [main] INFO  testcases.AccountRegistration - Clicked on phn number
18:19:28.012 [main] INFO  testcases.AccountRegistration - Clicked on password
18:19:28.147 [main] INFO  testcases.AccountRegistration - Clicked on confirmpassword
18:19:28.215 [main] INFO  testcases.AccountRegistration - Clicked on checkbox
18:19:28.297 [main] INFO  testcases.AccountRegistration - Clicked on continue
18:19:38.388 [main] INFO  testcases.AccountRegistration - Validation Started
18:19:38.388 [main] ERROR testcases.AccountRegistration - Test case failed
18:19:42.342 [main] INFO  testcases.TC_002_Login - Starting TC_002_Login 
18:19:46.385 [main] INFO  testcases.TC_002_Login - clicked on myaccount
18:19:47.787 [main] INFO  testcases.TC_002_Login - Clicked on my Login option button
18:19:47.919 [main] INFO  testcases.TC_002_Login - provided email
18:19:48.003 [main] INFO  testcases.TC_002_Login - Provided pwd
18:19:49.519 [main] INFO  testcases.TC_002_Login - clicked on login
18:19:49.618 [main] INFO  testcases.TC_002_Login - Test Passed
18:19:49.618 [main] INFO  testcases.TC_002_Login - Finished TC_002_Login 
20:14:21.882 [main] INFO  testcases.AccountRegistration - Starting the AccountRegistration
20:14:21.885 [main] INFO  testcases.AccountRegistration - Launching the browser
20:14:25.500 [main] INFO  testcases.AccountRegistration - Clicking on myaccount and register
20:14:26.880 [main] INFO  testcases.AccountRegistration - Submitting customer details
20:14:26.998 [main] INFO  testcases.AccountRegistration - Clicked on first name
20:14:27.081 [main] INFO  testcases.AccountRegistration - Clicked on last name
20:14:27.176 [main] INFO  testcases.AccountRegistration - Clicked on email
20:14:27.259 [main] INFO  testcases.AccountRegistration - Clicked on phn number
20:14:27.345 [main] INFO  testcases.AccountRegistration - Clicked on password
20:14:27.456 [main] INFO  testcases.AccountRegistration - Clicked on confirmpassword
20:14:27.517 [main] INFO  testcases.AccountRegistration - Clicked on checkbox
20:14:27.609 [main] INFO  testcases.AccountRegistration - Clicked on continue
20:14:37.712 [main] INFO  testcases.AccountRegistration - Validation Started
20:14:37.713 [main] ERROR testcases.AccountRegistration - Test case failed
20:14:40.235 [main] INFO  testcases.TC_002_Login - Starting TC_002_Login 
20:14:43.383 [main] INFO  testcases.TC_002_Login - clicked on myaccount
20:14:44.045 [main] INFO  testcases.TC_002_Login - Clicked on my Login option button
20:14:44.192 [main] INFO  testcases.TC_002_Login - provided email
20:14:44.287 [main] INFO  testcases.TC_002_Login - Provided pwd
20:14:45.366 [main] INFO  testcases.TC_002_Login - clicked on login
20:14:45.440 [main] INFO  testcases.TC_002_Login - Test Passed
20:14:45.440 [main] INFO  testcases.TC_002_Login - Finished TC_002_Login 
20:29:11.869 [main] INFO  testcases.AccountRegistration - Starting the AccountRegistration
20:29:12.010 [main] INFO  testcases.AccountRegistration - Launching the browser
20:29:14.067 [main] INFO  testcases.AccountRegistration - Clicking on myaccount and register
20:29:15.231 [main] INFO  testcases.AccountRegistration - Submitting customer details
20:29:15.385 [main] INFO  testcases.AccountRegistration - Clicked on first name
20:29:15.620 [main] INFO  testcases.AccountRegistration - Clicked on last name
20:29:15.698 [main] INFO  testcases.AccountRegistration - Clicked on email
20:29:15.768 [main] INFO  testcases.AccountRegistration - Clicked on phn number
20:29:15.999 [main] INFO  testcases.AccountRegistration - Clicked on password
20:29:16.322 [main] INFO  testcases.AccountRegistration - Clicked on confirmpassword
20:29:16.390 [main] INFO  testcases.AccountRegistration - Clicked on checkbox
20:29:16.484 [main] INFO  testcases.AccountRegistration - Clicked on continue
20:29:26.564 [main] INFO  testcases.AccountRegistration - Validation Started
20:29:26.565 [main] ERROR testcases.AccountRegistration - Test case failed
20:30:07.710 [main] INFO  testcases.AccountRegistration - Starting the AccountRegistration
20:30:07.714 [main] INFO  testcases.AccountRegistration - Launching the browser
20:30:09.954 [main] INFO  testcases.AccountRegistration - Clicking on myaccount and register
20:30:11.158 [main] INFO  testcases.AccountRegistration - Submitting customer details
20:30:11.259 [main] INFO  testcases.AccountRegistration - Clicked on first name
20:30:11.339 [main] INFO  testcases.AccountRegistration - Clicked on last name
20:30:11.427 [main] INFO  testcases.AccountRegistration - Clicked on email
20:30:11.496 [main] INFO  testcases.AccountRegistration - Clicked on phn number
20:30:11.572 [main] INFO  testcases.AccountRegistration - Clicked on password
20:30:11.655 [main] INFO  testcases.AccountRegistration - Clicked on confirmpassword
20:30:11.712 [main] INFO  testcases.AccountRegistration - Clicked on checkbox
20:30:15.261 [main] INFO  testcases.AccountRegistration - Clicked on continue
20:30:15.308 [main] INFO  testcases.AccountRegistration - Validation Started
20:30:15.311 [main] INFO  testcases.AccountRegistration - test case passed
21:29:21.156 [main] INFO  testcases.AccountRegistration - Starting the AccountRegistration
21:29:21.225 [main] INFO  testcases.AccountRegistration - Launching the browser
21:29:28.226 [main] INFO  testcases.AccountRegistration - Clicking on myaccount and register
21:29:37.525 [main] INFO  testcases.AccountRegistration - Submitting customer details
21:29:37.904 [main] INFO  testcases.AccountRegistration - Clicked on first name
21:29:37.987 [main] INFO  testcases.AccountRegistration - Clicked on last name
21:29:38.138 [main] INFO  testcases.AccountRegistration - Clicked on email
21:29:38.221 [main] INFO  testcases.AccountRegistration - Clicked on phn number
21:29:38.631 [main] INFO  testcases.AccountRegistration - Clicked on password
21:29:38.774 [main] INFO  testcases.AccountRegistration - Clicked on confirmpassword
21:29:38.839 [main] INFO  testcases.AccountRegistration - Clicked on checkbox
21:29:44.885 [main] INFO  testcases.AccountRegistration - Clicked on continue
21:29:44.933 [main] INFO  testcases.AccountRegistration - Validation Started
21:29:45.144 [main] INFO  testcases.AccountRegistration - test case passed
21:29:55.944 [main] INFO  testcases.TC_002_Login - Starting TC_002_Login 
21:30:02.087 [main] INFO  testcases.TC_002_Login - clicked on myaccount
21:30:03.238 [main] INFO  testcases.TC_002_Login - Clicked on my Login option button
21:30:03.408 [main] INFO  testcases.TC_002_Login - provided email
21:30:03.513 [main] INFO  testcases.TC_002_Login - Provided pwd
21:30:05.749 [main] INFO  testcases.TC_002_Login - clicked on login
21:30:05.842 [main] INFO  testcases.TC_002_Login - Test Passed
21:30:05.842 [main] INFO  testcases.TC_002_Login - Finished TC_002_Login 
21:56:12.781 [main] INFO  testcases.AccountRegistration - Starting the AccountRegistration
21:56:12.820 [main] INFO  testcases.AccountRegistration - Launching the browser
21:56:17.842 [main] INFO  testcases.AccountRegistration - Clicking on myaccount and register
21:56:20.101 [main] INFO  testcases.AccountRegistration - Submitting customer details
21:56:20.222 [main] INFO  testcases.AccountRegistration - Clicked on first name
21:56:20.346 [main] INFO  testcases.AccountRegistration - Clicked on last name
21:56:20.470 [main] INFO  testcases.AccountRegistration - Clicked on email
21:56:20.572 [main] INFO  testcases.AccountRegistration - Clicked on phn number
21:56:20.678 [main] INFO  testcases.AccountRegistration - Clicked on password
21:56:20.782 [main] INFO  testcases.AccountRegistration - Clicked on confirmpassword
21:56:20.861 [main] INFO  testcases.AccountRegistration - Clicked on checkbox
21:56:25.740 [main] INFO  testcases.AccountRegistration - Clicked on continue
21:56:25.784 [main] INFO  testcases.AccountRegistration - Validation Started
21:56:25.784 [main] INFO  testcases.AccountRegistration - test case passed
21:56:30.452 [main] INFO  testcases.TC_002_Login - Starting TC_002_Login 
21:56:35.620 [main] INFO  testcases.TC_002_Login - clicked on myaccount
21:56:36.527 [main] INFO  testcases.TC_002_Login - Clicked on my Login option button
21:56:36.710 [main] INFO  testcases.TC_002_Login - provided email
21:56:36.868 [main] INFO  testcases.TC_002_Login - Provided pwd
21:56:37.730 [main] INFO  testcases.TC_002_Login - clicked on login
21:56:37.861 [main] INFO  testcases.TC_002_Login - Test Passed
21:56:37.861 [main] INFO  testcases.TC_002_Login - Finished TC_002_Login 
22:12:32.793 [main] INFO  testcases.AccountRegistration - Starting the AccountRegistration
22:12:34.938 [main] INFO  testcases.AccountRegistration - Launching the browser
22:12:50.811 [main] INFO  testcases.AccountRegistration - Clicking on myaccount and register
22:12:53.297 [main] INFO  testcases.AccountRegistration - Submitting customer details
22:12:53.475 [main] INFO  testcases.AccountRegistration - Clicked on first name
22:12:53.685 [main] INFO  testcases.AccountRegistration - Clicked on last name
22:12:53.869 [main] INFO  testcases.AccountRegistration - Clicked on email
22:12:54.006 [main] INFO  testcases.AccountRegistration - Clicked on phn number
22:12:54.166 [main] INFO  testcases.AccountRegistration - Clicked on password
22:12:54.336 [main] INFO  testcases.AccountRegistration - Clicked on confirmpassword
22:12:54.468 [main] INFO  testcases.AccountRegistration - Clicked on checkbox
22:12:58.964 [main] INFO  testcases.AccountRegistration - Clicked on continue
22:12:59.001 [main] INFO  testcases.AccountRegistration - Validation Started
22:12:59.001 [main] INFO  testcases.AccountRegistration - test case passed
22:13:01.624 [main] INFO  testcases.TC_002_Login - Starting TC_002_Login 
22:13:08.796 [main] INFO  testcases.TC_002_Login - clicked on myaccount
22:13:10.255 [main] INFO  testcases.TC_002_Login - Clicked on my Login option button
22:13:10.536 [main] INFO  testcases.TC_002_Login - provided email
22:13:10.689 [main] INFO  testcases.TC_002_Login - Provided pwd
22:13:12.438 [main] INFO  testcases.TC_002_Login - clicked on login
22:13:12.563 [main] INFO  testcases.TC_002_Login - Test Passed
22:13:12.563 [main] INFO  testcases.TC_002_Login - Finished TC_002_Login 
22:20:27.383 [main] INFO  testcases.AccountRegistration - Starting the AccountRegistration
22:20:27.383 [main] INFO  testcases.AccountRegistration - Launching the browser
22:20:32.168 [main] INFO  testcases.AccountRegistration - Clicking on myaccount and register
22:20:33.680 [main] INFO  testcases.AccountRegistration - Submitting customer details
22:20:33.838 [main] INFO  testcases.AccountRegistration - Clicked on first name
22:20:33.964 [main] INFO  testcases.AccountRegistration - Clicked on last name
22:20:34.111 [main] INFO  testcases.AccountRegistration - Clicked on email
22:20:34.189 [main] INFO  testcases.AccountRegistration - Clicked on phn number
22:20:34.277 [main] INFO  testcases.AccountRegistration - Clicked on password
22:20:34.383 [main] INFO  testcases.AccountRegistration - Clicked on confirmpassword
22:20:34.451 [main] INFO  testcases.AccountRegistration - Clicked on checkbox
22:20:37.320 [main] INFO  testcases.AccountRegistration - Clicked on continue
22:20:37.376 [main] INFO  testcases.AccountRegistration - Validation Started
22:20:37.376 [main] INFO  testcases.AccountRegistration - test case passed
22:20:40.659 [main] INFO  testcases.TC_002_Login - Starting TC_002_Login 
22:20:45.213 [main] INFO  testcases.TC_002_Login - clicked on myaccount
22:20:46.149 [main] INFO  testcases.TC_002_Login - Clicked on my Login option button
22:20:46.395 [main] INFO  testcases.TC_002_Login - provided email
22:20:46.507 [main] INFO  testcases.TC_002_Login - Provided pwd
22:20:47.209 [main] INFO  testcases.TC_002_Login - clicked on login
22:20:47.283 [main] INFO  testcases.TC_002_Login - Test Passed
22:20:47.283 [main] INFO  testcases.TC_002_Login - Finished TC_002_Login 
